<?xml version="1.0" encoding="UTF-8"?>
<!-- Generated by org.testng.reporters.JUnitXMLReporter -->
<testsuite ignored="0" hostname="LAPTOP-8QI28HGD" failures="0" tests="2" name="Test-4" time="31.875" errors="0" timestamp="2025-07-11T13:02:00 IST">
  <testcase classname="TestNg_Classes.TestNgOpportiunity" name="CreateOpportiunityOrgname" time="10.708"/>
  <testcase classname="TestNg_Classes.TestNgOpportiunity" name="CreateOpportiunityPhone" time="11.723"/>
</testsuite> <!-- Test-4 -->
