<?xml version="1.0" encoding="UTF-8"?>
<!-- Generated by org.testng.reporters.JUnitXMLReporter -->
<testsuite ignored="0" hostname="LAPTOP-8QI28HGD" failures="0" tests="2" name="Test-2" time="35.193" errors="0" timestamp="2025-07-11T13:02:03 IST">
  <testcase classname="TestNg_Classes.TestNgProduct" name="CreateProductEmail" time="10.756"/>
  <testcase classname="TestNg_Classes.TestNgProduct" name="CreateProductVendername" time="11.214"/>
</testsuite> <!-- Test-2 -->
