<?xml version="1.0" encoding="UTF-8"?>
<!-- Generated by org.testng.reporters.JUnitXMLReporter -->
<testsuite ignored="0" hostname="LAPTOP-8QI28HGD" failures="0" tests="2" name="Test-3" time="31.641" errors="0" timestamp="2025-07-11T13:01:59 IST">
  <testcase classname="TestNg_Classes.TestNgTroubleticket" name="CreateTroubleticketContact" time="8.928"/>
  <testcase classname="TestNg_Classes.TestNgTroubleticket" name="CreateTroubleticketProduct" time="10.947"/>
</testsuite> <!-- Test-3 -->
