<?xml version="1.0" encoding="UTF-8"?>
<!-- Generated by org.testng.reporters.JUnitXMLReporter -->
<testsuite ignored="0" hostname="LAPTOP-8QI28HGD" failures="0" tests="2" name="Test-1" time="33.34" errors="0" timestamp="2025-07-11T13:02:01 IST">
  <testcase classname="TestNg_Classes.TestNgCampaign" name="CreateCampaignProduct" time="10.147"/>
  <testcase classname="TestNg_Classes.TestNgCampaign" name="CreateProductPartNumber" time="11.988"/>
</testsuite> <!-- Test-1 -->
