<?xml version="1.0" encoding="UTF-8"?>
<!-- Generated by org.testng.reporters.JUnitReportReporter -->
<testsuite hostname="LAPTOP-8QI28HGD" failures="0" tests="2" name="TestNg_Classes.TestNgCampaign" time="18.967" errors="0" timestamp="2025-07-14T12:34:32 IST" skipped="0">
  <testcase classname="TestNg_Classes.TestNgCampaign" name="CreateProductPartNumber" time="9.302">
    <system-out>
      <![CDATA[Hundai3692PartNumber Test Case Pass]]>
    </system-out>
  </testcase> <!-- CreateProductPartNumber -->
  <testcase classname="TestNg_Classes.TestNgCampaign" name="CreateCampaignProduct" time="9.665">
    <system-out>
      <![CDATA[Hundai1110ProductName Test Case Pass]]>
    </system-out>
  </testcase> <!-- CreateCampaignProduct -->
  <system-out>
    <![CDATA[Hundai1110ProductName Test Case Pass
Hundai3692PartNumber Test Case Pass
Mobile1070VenderEmail Test Case Pass
Mobile2308VenderName Test Case Pass
CRM3431Contact Test Case Pass
CRM2907ProductName Test Case Pass
zohoCRM3885OrgName Test Case Pass
zohoCRM2541PhoneNumber Test Case Pass]]>
  </system-out>
</testsuite> <!-- TestNg_Classes.TestNgCampaign -->
