<?xml version="1.0" encoding="UTF-8"?>
<!-- Generated by org.testng.reporters.JUnitReportReporter -->
<testsuite hostname="LAPTOP-8QI28HGD" failures="0" tests="4" name="ParallelExecutionTestNg.TestNgOpportiunity" time="44.348" errors="0" timestamp="2025-07-11T11:30:13 IST" skipped="0">
  <testcase classname="ParallelExecutionTestNg.TestNgOpportiunity" name="CreateOpportiunityOrgname" time="9.400"/>
  <testcase classname="ParallelExecutionTestNg.TestNgOpportiunity" name="CreateOpportiunityPhone" time="12.334"/>
  <testcase classname="ParallelExecutionTestNg.TestNgOpportiunity" name="CreateOpportiunityOrgname" time="10.475"/>
  <testcase classname="ParallelExecutionTestNg.TestNgOpportiunity" name="CreateOpportiunityPhone" time="12.139"/>
</testsuite> <!-- ParallelExecutionTestNg.TestNgOpportiunity -->
