<?xml version="1.0" encoding="UTF-8"?>
<!-- Generated by org.testng.reporters.JUnitReportReporter -->
<testsuite hostname="LAPTOP-8QI28HGD" failures="0" tests="4" name="ParallelExecutionTestNg.TestNgTroubleticket" time="48.258" errors="0" timestamp="2025-07-11T11:30:13 IST" skipped="0">
  <testcase classname="ParallelExecutionTestNg.TestNgTroubleticket" name="CreateTroubleticketProduct" time="11.067"/>
  <testcase classname="ParallelExecutionTestNg.TestNgTroubleticket" name="CreateTroubleticketContact" time="12.356"/>
  <testcase classname="ParallelExecutionTestNg.TestNgTroubleticket" name="CreateTroubleticketContact" time="12.353"/>
  <testcase classname="ParallelExecutionTestNg.TestNgTroubleticket" name="CreateTroubleticketProduct" time="12.482"/>
</testsuite> <!-- ParallelExecutionTestNg.TestNgTroubleticket -->
