<?xml version="1.0" encoding="UTF-8"?>
<!-- Generated by org.testng.reporters.JUnitReportReporter -->
<testsuite hostname="LAPTOP-8QI28HGD" failures="0" tests="2" name="TestNg_Classes.TestNgOpportiunity" time="17.231" errors="0" timestamp="2025-07-14T12:37:20 IST" skipped="0">
  <testcase classname="TestNg_Classes.TestNgOpportiunity" name="CreateOpportiunityOrgname" time="7.934">
    <system-out>
      <![CDATA[zohoCRM2348OrgName Test Case Pass]]>
    </system-out>
  </testcase> <!-- CreateOpportiunityOrgname -->
  <testcase classname="TestNg_Classes.TestNgOpportiunity" name="CreateOpportiunityPhone" time="9.297">
    <system-out>
      <![CDATA[zohoCRM4537PhoneNumber Test Case Pass]]>
    </system-out>
  </testcase> <!-- CreateOpportiunityPhone -->
  <system-out>
    <![CDATA[zohoCRM2348OrgName Test Case Pass
zohoCRM4537PhoneNumber Test Case Pass]]>
  </system-out>
</testsuite> <!-- TestNg_Classes.TestNgOpportiunity -->
