<?xml version="1.0" encoding="UTF-8"?>
<!-- Generated by org.testng.reporters.JUnitReportReporter -->
<testsuite hostname="LAPTOP-8QI28HGD" failures="0" tests="4" name="ParallelExecutionTestNg.TestNgProduct" time="49.000" errors="0" timestamp="2025-07-11T11:30:13 IST" skipped="0">
  <testcase classname="ParallelExecutionTestNg.TestNgProduct" name="CreateProductVendername" time="13.200"/>
  <testcase classname="ParallelExecutionTestNg.TestNgProduct" name="CreateProductVendername" time="12.174"/>
  <testcase classname="ParallelExecutionTestNg.TestNgProduct" name="CreateProductEmail" time="12.496"/>
  <testcase classname="ParallelExecutionTestNg.TestNgProduct" name="CreateProductEmail" time="11.130"/>
</testsuite> <!-- ParallelExecutionTestNg.TestNgProduct -->
