<?xml version="1.0" encoding="UTF-8"?>
<!-- Generated by org.testng.reporters.JUnitReportReporter -->
<testsuite hostname="LAPTOP-8QI28HGD" failures="0" tests="4" name="ParallelExecutionTestNg.TestNgCampaign" time="49.172" errors="0" timestamp="2025-07-11T11:30:13 IST" skipped="0">
  <testcase classname="ParallelExecutionTestNg.TestNgCampaign" name="CreateCampaignProduct" time="11.323"/>
  <testcase classname="ParallelExecutionTestNg.TestNgCampaign" name="CreateProductPartNumber" time="15.057"/>
  <testcase classname="ParallelExecutionTestNg.TestNgCampaign" name="CreateCampaignProduct" time="11.907"/>
  <testcase classname="ParallelExecutionTestNg.TestNgCampaign" name="CreateProductPartNumber" time="10.885"/>
</testsuite> <!-- ParallelExecutionTestNg.TestNgCampaign -->
