<?xml version="1.0" encoding="UTF-8"?>
<!-- Generated by org.testng.reporters.JUnitReportReporter -->
<testsuite hostname="LAPTOP-8QI28HGD" failures="0" tests="2" name="Package2.OrgTest" time="0.001" errors="0" timestamp="2025-07-02T12:52:17 IST" skipped="0">
  <testcase classname="Package2.OrgTest" name="createcOrgTest" time="0.000"/>
  <testcase classname="Package2.OrgTest" name="modifyOrgTest" time="0.001"/>
</testsuite> <!-- Package2.OrgTest -->
