<?xml version="1.0" encoding="UTF-8"?>
<!-- Generated by org.testng.reporters.JUnitReportReporter -->
<testsuite hostname="LAPTOP-8QI28HGD" failures="0" tests="3" name="Package1.ContactTest" time="0.005" errors="0" timestamp="2025-07-02T12:52:17 IST" skipped="0">
  <testcase classname="Package1.ContactTest" name="createcontactTest" time="0.005"/>
  <testcase classname="Package1.ContactTest" name="modifycontactTest" time="0.000"/>
  <testcase classname="Package1.ContactTest" name="deletecontactTest" time="0.000"/>
</testsuite> <!-- Package1.ContactTest -->
